\BOOKMARK [0][-]{chapter.1}{Introduction}{}% 1
\BOOKMARK [1][-]{section.1.1}{Problem Definition}{chapter.1}% 2
\BOOKMARK [1][-]{section.1.2}{Aim of the Study}{chapter.1}% 3
\BOOKMARK [1][-]{section.1.3}{Format of the Report}{chapter.1}% 4
\BOOKMARK [0][-]{chapter.2}{Acoustic Principals}{}% 5
\BOOKMARK [1][-]{section.2.1}{The Acoustic Wave Equation}{chapter.2}% 6
\BOOKMARK [2][-]{subsection.2.1.1}{Wave Equation In One Dimension}{section.2.1}% 7
\BOOKMARK [1][-]{section.2.2}{Acoustic Properties of Interest in This Study}{chapter.2}% 8
\BOOKMARK [2][-]{subsection.2.2.1}{Inverse Square Law \046 Propagation time}{section.2.2}% 9
\BOOKMARK [2][-]{subsection.2.2.2}{Reverberation}{section.2.2}% 10
\BOOKMARK [2][-]{subsection.2.2.3}{Room Modes}{section.2.2}% 11
\BOOKMARK [0][-]{chapter.3}{Time Domain Numerical Methods}{}% 12
\BOOKMARK [1][-]{section.3.1}{Finite Difference Time Domain Method}{chapter.3}% 13
\BOOKMARK [2][-]{subsection.3.1.1}{Introduction to the Finite Difference Time Domain Method}{section.3.1}% 14
\BOOKMARK [2][-]{subsection.3.1.2}{The Finite Difference Time Domain Method Applied To The Acoustic Wave Equation}{section.3.1}% 15
\BOOKMARK [2][-]{subsection.3.1.3}{Field Calculation}{section.3.1}% 16
\BOOKMARK [2][-]{subsection.3.1.4}{Boundary Handling}{section.3.1}% 17
\BOOKMARK [2][-]{subsection.3.1.5}{Block Diagram}{section.3.1}% 18
\BOOKMARK [2][-]{subsection.3.1.6}{Example Update Function}{section.3.1}% 19
\BOOKMARK [2][-]{subsection.3.1.7}{Stability}{section.3.1}% 20
\BOOKMARK [1][-]{section.3.2}{Sparse FDTD}{chapter.3}% 21
\BOOKMARK [2][-]{subsection.3.2.1}{Introduction to the Sparse Finite Difference Time Domain Method}{section.3.2}% 22
\BOOKMARK [2][-]{subsection.3.2.2}{Acoustic Implementation of SFDTD in Two Dimensions}{section.3.2}% 23
\BOOKMARK [1][-]{section.3.3}{Pseudo-Spectral Time Domain Method}{chapter.3}% 24
\BOOKMARK [2][-]{subsection.3.3.1}{A Background to the Pseudo-Spectral Time Domain Method}{section.3.3}% 25
\BOOKMARK [2][-]{subsection.3.3.2}{Block Diagram}{section.3.3}% 26
\BOOKMARK [2][-]{subsection.3.3.3}{The Pseudospectral Time Domain Method Applied To The Wave Equation}{section.3.3}% 27
\BOOKMARK [2][-]{subsection.3.3.4}{Absorbing Boundary Conditions}{section.3.3}% 28
\BOOKMARK [2][-]{subsection.3.3.5}{Partially Absorbing Boundary Conditions}{section.3.3}% 29
\BOOKMARK [1][-]{section.3.4}{Sound Source Terms}{chapter.3}% 30
\BOOKMARK [0][-]{chapter.4}{Validation}{}% 31
\BOOKMARK [1][-]{section.4.1}{Validation Strategy}{chapter.4}% 32
\BOOKMARK [2][-]{subsection.4.1.1}{The Domain}{section.4.1}% 33
\BOOKMARK [1][-]{section.4.2}{Results}{chapter.4}% 34
\BOOKMARK [2][-]{subsection.4.2.1}{FDTD Simulation Results}{section.4.2}% 35
\BOOKMARK [2][-]{subsection.4.2.2}{SFDTD Simulation Results}{section.4.2}% 36
\BOOKMARK [2][-]{subsection.4.2.3}{PSTD Simulation Results}{section.4.2}% 37
\BOOKMARK [1][-]{section.4.3}{Validating The SFDTD Method}{chapter.4}% 38
\BOOKMARK [0][-]{chapter.5}{Execution Time and Analysis}{}% 39
\BOOKMARK [1][-]{section.5.1}{Results}{chapter.5}% 40
\BOOKMARK [1][-]{section.5.2}{Analysis}{chapter.5}% 41
\BOOKMARK [1][-]{section.5.3}{Code Profiling}{chapter.5}% 42
\BOOKMARK [0][-]{chapter.6}{Conclusion and Further Work}{}% 43
\BOOKMARK [1][-]{section.6.1}{Conclusion}{chapter.6}% 44
\BOOKMARK [1][-]{section.6.2}{Further Work}{chapter.6}% 45
\BOOKMARK [0][-]{appendix.A}{Code Listing}{}% 46
